[11:57:41] [Server thread/INFO]: Starting minecraft server version 1.7.10
[11:57:41] [Server thread/INFO]: Loading properties
[11:57:41] [Server thread/INFO]: Default game type: SURVIVAL
[11:57:41] [Server thread/INFO]: Generating keypair
[11:57:42] [Server thread/INFO]: Starting Minecraft server on *:25565
[11:57:42] [Server thread/WARN]: **** SERVER IS RUNNING IN OFFLINE/INSECURE MODE!
[11:57:42] [Server thread/WARN]: The server will make no attempt to authenticate usernames. Beware.
[11:57:42] [Server thread/WARN]: While this makes the game possible to play without internet access, it also opens up the ability for hackers to connect with any username they choose.
[11:57:42] [Server thread/WARN]: To change this, set "online-mode" to "true" in the server.properties file.
[11:57:42] [Server thread/INFO]: Preparing level "world"
[11:57:42] [Server thread/INFO]: Preparing start region for level 0
[11:57:43] [Server thread/INFO]: Preparing spawn area: 18%
[11:57:44] [Server thread/INFO]: Preparing spawn area: 26%
[11:57:45] [Server thread/INFO]: Preparing spawn area: 34%
[11:57:46] [Server thread/INFO]: Preparing spawn area: 46%
[11:57:47] [Server thread/INFO]: Preparing spawn area: 61%
[11:57:48] [Server thread/INFO]: Preparing spawn area: 75%
[11:57:49] [Server thread/INFO]: Preparing spawn area: 99%
[11:57:49] [Server thread/INFO]: Done (7.167s)! For help, type "help" or "?"
[11:57:52] [Server Shutdown Thread/INFO]: Stopping server
